Build started 23/01/2016 19:36:54.
     1>Project "C:\Users\vitor\Desktop\TP_META1_P5_AndreVicente_21230112_P5_VitorRibeiro_21230473\Trabalho\Trabalho.vcxproj" on node 2 (Build target(s)).
     1>ClCompile:
         C:\Program Files (x86)\Microsoft Visual Studio 12.0\VC\bin\CL.exe /c /ZI /nologo /W3 /WX- /sdl /Od /Oy- /D WIN32 /D _DEBUG /D _CONSOLE /D _LIB /D _UNICODE /D UNICODE /Gm /EHsc /RTC1 /MDd /GS /fp:precise /Zc:wchar_t /Zc:forScope /Fo"Debug\\" /Fd"Debug\vc120.pdb" /Gd /TP /analyze- /errorReport:prompt Accao.cpp Arma.cpp AutoReparador.cpp Beliche.cpp Blob.cpp Capitao.cpp Casulo.cpp Casulo_c.cpp Combatente.cpp Enfermaria.cpp Escudo.cpp Exoesqueleto.cpp Flamajante.cpp Geigemorfo.cpp Hinotizador.cpp Indeciso.cpp Inimigo.cpp Inimigo_c.cpp Interface.cpp MTripulacao.cpp Maquinas.cpp Mutais_c.cpp Mxyzypykwi.cpp Nave.cpp Oficina.cpp Operador.cpp Ponte.cpp PreparaJogo.cpp Propulsor.cpp Propulsor_adi.cpp Raio.cpp Regenerador.cpp Reparador.cpp Respira.cpp Robot.cpp Robotico.cpp SCapitao.cpp Salas.cpp SistemaSeg.cpp SuporteVida.cpp Toxico.cpp Tripulacao.cpp Unidades.cpp Xenomrfo_c.cpp armado.cpp main.cpp misterioso.cpp move.cpp utils.cpp
         utils.cpp
         Nave.cpp
     1>c:\users\vitor\desktop\tp_meta1_p5_andrevicente_21230112_p5_vitorribeiro_21230473\trabalho\nave.cpp(153): warning C4101: 'val' : unreferenced local variable
         Generating Code...
         Compiling...
         move.cpp
         misterioso.cpp
         main.cpp
         armado.cpp
         Xenomrfo_c.cpp
         Unidades.cpp
         Tripulacao.cpp
         Toxico.cpp
         SuporteVida.cpp
         SistemaSeg.cpp
         Salas.cpp
     1>c:\users\vitor\desktop\tp_meta1_p5_andrevicente_21230112_p5_vitorribeiro_21230473\trabalho\salas.cpp(25): warning C4018: '<' : signed/unsigned mismatch
     1>c:\users\vitor\desktop\tp_meta1_p5_andrevicente_21230112_p5_vitorribeiro_21230473\trabalho\salas.cpp(34): warning C4018: '<' : signed/unsigned mismatch
     1>c:\users\vitor\desktop\tp_meta1_p5_andrevicente_21230112_p5_vitorribeiro_21230473\trabalho\salas.cpp(43): warning C4018: '<' : signed/unsigned mismatch
     1>c:\users\vitor\desktop\tp_meta1_p5_andrevicente_21230112_p5_vitorribeiro_21230473\trabalho\salas.cpp(137): warning C4018: '<' : signed/unsigned mismatch
     1>c:\users\vitor\desktop\tp_meta1_p5_andrevicente_21230112_p5_vitorribeiro_21230473\trabalho\salas.cpp(147): warning C4018: '<' : signed/unsigned mismatch
     1>c:\users\vitor\desktop\tp_meta1_p5_andrevicente_21230112_p5_vitorribeiro_21230473\trabalho\salas.cpp(156): warning C4018: '<' : signed/unsigned mismatch
     1>c:\users\vitor\desktop\tp_meta1_p5_andrevicente_21230112_p5_vitorribeiro_21230473\trabalho\salas.cpp(166): warning C4018: '<' : signed/unsigned mismatch
         SCapitao.cpp
         Robotico.cpp
         Robot.cpp
         Respira.cpp
         Reparador.cpp
         Regenerador.cpp
         Raio.cpp
         Propulsor_adi.cpp
         Propulsor.cpp
         Generating Code...
         Compiling...
         PreparaJogo.cpp
         Ponte.cpp
         Operador.cpp
         Oficina.cpp
         Mxyzypykwi.cpp
         Mutais_c.cpp
         Maquinas.cpp
         MTripulacao.cpp
         Interface.cpp
         Inimigo_c.cpp
         Inimigo.cpp
         Indeciso.cpp
         Hinotizador.cpp
         Geigemorfo.cpp
         Flamajante.cpp
         Exoesqueleto.cpp
         Escudo.cpp
         Enfermaria.cpp
         Combatente.cpp
         Casulo_c.cpp
         Generating Code...
         Compiling...
         Casulo.cpp
         Capitao.cpp
         Blob.cpp
         Beliche.cpp
         AutoReparador.cpp
         Arma.cpp
         Accao.cpp
         Generating Code...
       Link:
         C:\Program Files (x86)\Microsoft Visual Studio 12.0\VC\bin\link.exe /ERRORREPORT:PROMPT /OUT:"C:\Users\vitor\Desktop\TP_META1_P5_AndreVicente_21230112_P5_VitorRibeiro_21230473\Debug\Trabalho.exe" /INCREMENTAL /NOLOGO kernel32.lib user32.lib gdi32.lib winspool.lib comdlg32.lib advapi32.lib shell32.lib ole32.lib oleaut32.lib uuid.lib odbc32.lib odbccp32.lib /MANIFEST /MANIFESTUAC:"level='asInvoker' uiAccess='false'" /manifest:embed /DEBUG /PDB:"C:\Users\vitor\Desktop\TP_META1_P5_AndreVicente_21230112_P5_VitorRibeiro_21230473\Debug\Trabalho.pdb" /SUBSYSTEM:CONSOLE /TLBID:1 /DYNAMICBASE /NXCOMPAT /IMPLIB:"C:\Users\vitor\Desktop\TP_META1_P5_AndreVicente_21230112_P5_VitorRibeiro_21230473\Debug\Trabalho.lib" /MACHINE:X86 Debug\consola.obj
         Debug\Accao.obj
         Debug\Arma.obj
         Debug\armado.obj
         Debug\AutoReparador.obj
         Debug\Beliche.obj
         Debug\Blob.obj
         Debug\Capitao.obj
         Debug\Casulo.obj
         Debug\Casulo_c.obj
         Debug\Combatente.obj
         Debug\Enfermaria.obj
         Debug\Escudo.obj
         Debug\Exoesqueleto.obj
         Debug\Flamajante.obj
         Debug\Geigemorfo.obj
         Debug\Hinotizador.obj
         Debug\Indeciso.obj
         Debug\Inimigo.obj
         Debug\Inimigo_c.obj
         Debug\Interface.obj
         Debug\main.obj
         Debug\Maquinas.obj
         Debug\misterioso.obj
         Debug\move.obj
         Debug\MTripulacao.obj
         Debug\Mutais_c.obj
         Debug\Mxyzypykwi.obj
         Debug\Nave.obj
         Debug\Oficina.obj
         Debug\Operador.obj
         Debug\Ponte.obj
         Debug\PreparaJogo.obj
         Debug\Propulsor.obj
         Debug\Propulsor_adi.obj
         Debug\Raio.obj
         Debug\Regenerador.obj
         Debug\Reparador.obj
         Debug\Respira.obj
         Debug\Robot.obj
         Debug\Robotico.obj
         Debug\Salas.obj
         Debug\SCapitao.obj
         Debug\SistemaSeg.obj
         Debug\SuporteVida.obj
         Debug\Toxico.obj
         Debug\Tripulacao.obj
         Debug\Unidades.obj
         Debug\utils.obj
         Debug\Xenomrfo_c.obj
         Trabalho.vcxproj -> C:\Users\vitor\Desktop\TP_META1_P5_AndreVicente_21230112_P5_VitorRibeiro_21230473\Debug\Trabalho.exe
     1>Done Building Project "C:\Users\vitor\Desktop\TP_META1_P5_AndreVicente_21230112_P5_VitorRibeiro_21230473\Trabalho\Trabalho.vcxproj" (Build target(s)).

Build succeeded.

Time Elapsed 00:00:43.73
